{
  "stats": {
    "suites": 1,
    "tests": 4,
    "passes": 4,
    "pending": 0,
    "failures": 0,
    "start": "2024-03-07T19:07:44.021Z",
    "end": "2024-03-07T19:07:50.045Z",
    "duration": 6024,
    "testsRegistered": 4,
    "passPercent": 100,
    "pendingPercent": 0,
    "other": 0,
    "hasOther": false,
    "skipped": 0,
    "hasSkipped": false
  },
  "results": [
    {
      "uuid": "845946b4-7d2c-42ac-822a-ea8cf24c0537",
      "title": "",
      "fullFile": "cypress\\e2e\\pom\\homeSauceFixture.spec.js",
      "file": "cypress\\e2e\\pom\\homeSauceFixture.spec.js",
      "beforeHooks": [],
      "afterHooks": [],
      "tests": [],
      "suites": [
        {
          "uuid": "de8a74fd-55d1-48b0-920e-d182108f76d2",
          "title": "Home Sauce Demo",
          "fullFile": "",
          "file": "",
          "beforeHooks": [],
          "afterHooks": [],
          "tests": [
            {
              "title": "should login to inventory page",
              "fullTitle": "Home Sauce Demo should login to inventory page",
              "timedOut": null,
              "duration": 1649,
              "state": "passed",
              "speed": "fast",
              "pass": true,
              "fail": false,
              "pending": false,
              "context": null,
              "code": "_homeSaucePage.default.typeUsername(test.username);\n_homeSaucePage.default.typePassword(test.password);\n_homeSaucePage.default.clickLogin();\nif (test.name === 'should login to inventory page') {\n  _inventoryPage.default.elements.titleSpan().should('have.text', test.expected);\n} else {\n  _homeSaucePage.default.elements.errorMessage().should('have.text', test.expected);\n}",
              "err": {},
              "uuid": "9040161a-6c82-4442-ade4-dc7d046732af",
              "parentUUID": "de8a74fd-55d1-48b0-920e-d182108f76d2",
              "isHook": false,
              "skipped": false
            },
            {
              "title": "should display incorrect username message",
              "fullTitle": "Home Sauce Demo should display incorrect username message",
              "timedOut": null,
              "duration": 926,
              "state": "passed",
              "speed": "fast",
              "pass": true,
              "fail": false,
              "pending": false,
              "context": null,
              "code": "_homeSaucePage.default.typeUsername(test.username);\n_homeSaucePage.default.typePassword(test.password);\n_homeSaucePage.default.clickLogin();\nif (test.name === 'should login to inventory page') {\n  _inventoryPage.default.elements.titleSpan().should('have.text', test.expected);\n} else {\n  _homeSaucePage.default.elements.errorMessage().should('have.text', test.expected);\n}",
              "err": {},
              "uuid": "882abd01-a7a2-4eb5-b295-a47f0ca2cc9d",
              "parentUUID": "de8a74fd-55d1-48b0-920e-d182108f76d2",
              "isHook": false,
              "skipped": false
            },
            {
              "title": "should display incorrect password message",
              "fullTitle": "Home Sauce Demo should display incorrect password message",
              "timedOut": null,
              "duration": 947,
              "state": "passed",
              "speed": "fast",
              "pass": true,
              "fail": false,
              "pending": false,
              "context": null,
              "code": "_homeSaucePage.default.typeUsername(test.username);\n_homeSaucePage.default.typePassword(test.password);\n_homeSaucePage.default.clickLogin();\nif (test.name === 'should login to inventory page') {\n  _inventoryPage.default.elements.titleSpan().should('have.text', test.expected);\n} else {\n  _homeSaucePage.default.elements.errorMessage().should('have.text', test.expected);\n}",
              "err": {},
              "uuid": "681955b0-812c-4080-ae14-d5246598e4c7",
              "parentUUID": "de8a74fd-55d1-48b0-920e-d182108f76d2",
              "isHook": false,
              "skipped": false
            },
            {
              "title": "should display locked out message",
              "fullTitle": "Home Sauce Demo should display locked out message",
              "timedOut": null,
              "duration": 827,
              "state": "passed",
              "speed": "fast",
              "pass": true,
              "fail": false,
              "pending": false,
              "context": null,
              "code": "_homeSaucePage.default.typeUsername(test.username);\n_homeSaucePage.default.typePassword(test.password);\n_homeSaucePage.default.clickLogin();\nif (test.name === 'should login to inventory page') {\n  _inventoryPage.default.elements.titleSpan().should('have.text', test.expected);\n} else {\n  _homeSaucePage.default.elements.errorMessage().should('have.text', test.expected);\n}",
              "err": {},
              "uuid": "45dbe1cd-a19d-4d88-8c00-833b2d9e9b11",
              "parentUUID": "de8a74fd-55d1-48b0-920e-d182108f76d2",
              "isHook": false,
              "skipped": false
            }
          ],
          "suites": [],
          "passes": [
            "9040161a-6c82-4442-ade4-dc7d046732af",
            "882abd01-a7a2-4eb5-b295-a47f0ca2cc9d",
            "681955b0-812c-4080-ae14-d5246598e4c7",
            "45dbe1cd-a19d-4d88-8c00-833b2d9e9b11"
          ],
          "failures": [],
          "pending": [],
          "skipped": [],
          "duration": 4349,
          "root": false,
          "rootEmpty": false,
          "_timeout": 2000
        }
      ],
      "passes": [],
      "failures": [],
      "pending": [],
      "skipped": [],
      "duration": 0,
      "root": true,
      "rootEmpty": true,
      "_timeout": 2000
    }
  ],
  "meta": {
    "mocha": {
      "version": "7.0.1"
    },
    "mochawesome": {
      "options": {
        "quiet": false,
        "reportFilename": "mochawesome",
        "saveHtml": false,
        "saveJson": true,
        "consoleReporter": "spec",
        "useInlineDiffs": false,
        "code": true
      },
      "version": "7.1.3"
    },
    "marge": {
      "options": {
        "reportDir": "cypress\\report\\.jsons",
        "charts": true,
        "reportPageTitle": "Joan Media Demo Report",
        "embeddedScreenshots": true,
        "overwrite": false,
        "html": false,
        "json": true
      },
      "version": "6.2.0"
    }
  }
}