{
  "stats": {
    "suites": 1,
    "tests": 4,
    "passes": 4,
    "pending": 0,
    "failures": 0,
    "start": "2024-03-07T19:07:59.473Z",
    "end": "2024-03-07T19:08:05.894Z",
    "duration": 6421,
    "testsRegistered": 4,
    "passPercent": 100,
    "pendingPercent": 0,
    "other": 0,
    "hasOther": false,
    "skipped": 0,
    "hasSkipped": false
  },
  "results": [
    {
      "uuid": "cfbf5fb4-c9a4-436e-8dd7-f49885c1616b",
      "title": "",
      "fullFile": "cypress\\e2e\\pom\\homeSauceFixtureXpath.spec.js",
      "file": "cypress\\e2e\\pom\\homeSauceFixtureXpath.spec.js",
      "beforeHooks": [],
      "afterHooks": [],
      "tests": [],
      "suites": [
        {
          "uuid": "69133eec-418d-44c3-8760-52bf6a3c15d8",
          "title": "Home Sauce Demo",
          "fullFile": "",
          "file": "",
          "beforeHooks": [],
          "afterHooks": [],
          "tests": [
            {
              "title": "should login to inventory page",
              "fullTitle": "Home Sauce Demo should login to inventory page",
              "timedOut": null,
              "duration": 1737,
              "state": "passed",
              "speed": "fast",
              "pass": true,
              "fail": false,
              "pending": false,
              "context": null,
              "code": "homeSaucePage.typeUsername(test.username);\nhomeSaucePage.typePassword(test.password);\nhomeSaucePage.clickLogin();\nif (test.name === 'should login to inventory page') {\n  _inventoryPage.default.elements.titleSpan().should('have.text', test.expected);\n} else {\n  homeSaucePage.elements.errorMessage().should('have.text', test.expected);\n}",
              "err": {},
              "uuid": "a04b25b3-d79c-4d8b-ac67-3b257d83bdd3",
              "parentUUID": "69133eec-418d-44c3-8760-52bf6a3c15d8",
              "isHook": false,
              "skipped": false
            },
            {
              "title": "should display incorrect username message",
              "fullTitle": "Home Sauce Demo should display incorrect username message",
              "timedOut": null,
              "duration": 1063,
              "state": "passed",
              "speed": "fast",
              "pass": true,
              "fail": false,
              "pending": false,
              "context": null,
              "code": "homeSaucePage.typeUsername(test.username);\nhomeSaucePage.typePassword(test.password);\nhomeSaucePage.clickLogin();\nif (test.name === 'should login to inventory page') {\n  _inventoryPage.default.elements.titleSpan().should('have.text', test.expected);\n} else {\n  homeSaucePage.elements.errorMessage().should('have.text', test.expected);\n}",
              "err": {},
              "uuid": "e6a98076-8df1-4003-ba8f-5ee070f8fc60",
              "parentUUID": "69133eec-418d-44c3-8760-52bf6a3c15d8",
              "isHook": false,
              "skipped": false
            },
            {
              "title": "should display incorrect password message",
              "fullTitle": "Home Sauce Demo should display incorrect password message",
              "timedOut": null,
              "duration": 995,
              "state": "passed",
              "speed": "fast",
              "pass": true,
              "fail": false,
              "pending": false,
              "context": null,
              "code": "homeSaucePage.typeUsername(test.username);\nhomeSaucePage.typePassword(test.password);\nhomeSaucePage.clickLogin();\nif (test.name === 'should login to inventory page') {\n  _inventoryPage.default.elements.titleSpan().should('have.text', test.expected);\n} else {\n  homeSaucePage.elements.errorMessage().should('have.text', test.expected);\n}",
              "err": {},
              "uuid": "ce3dca67-500b-45e8-b8d9-93909ed2a688",
              "parentUUID": "69133eec-418d-44c3-8760-52bf6a3c15d8",
              "isHook": false,
              "skipped": false
            },
            {
              "title": "should display locked out message",
              "fullTitle": "Home Sauce Demo should display locked out message",
              "timedOut": null,
              "duration": 909,
              "state": "passed",
              "speed": "fast",
              "pass": true,
              "fail": false,
              "pending": false,
              "context": null,
              "code": "homeSaucePage.typeUsername(test.username);\nhomeSaucePage.typePassword(test.password);\nhomeSaucePage.clickLogin();\nif (test.name === 'should login to inventory page') {\n  _inventoryPage.default.elements.titleSpan().should('have.text', test.expected);\n} else {\n  homeSaucePage.elements.errorMessage().should('have.text', test.expected);\n}",
              "err": {},
              "uuid": "925957f0-79b8-46c5-846c-da9900935683",
              "parentUUID": "69133eec-418d-44c3-8760-52bf6a3c15d8",
              "isHook": false,
              "skipped": false
            }
          ],
          "suites": [],
          "passes": [
            "a04b25b3-d79c-4d8b-ac67-3b257d83bdd3",
            "e6a98076-8df1-4003-ba8f-5ee070f8fc60",
            "ce3dca67-500b-45e8-b8d9-93909ed2a688",
            "925957f0-79b8-46c5-846c-da9900935683"
          ],
          "failures": [],
          "pending": [],
          "skipped": [],
          "duration": 4704,
          "root": false,
          "rootEmpty": false,
          "_timeout": 2000
        }
      ],
      "passes": [],
      "failures": [],
      "pending": [],
      "skipped": [],
      "duration": 0,
      "root": true,
      "rootEmpty": true,
      "_timeout": 2000
    }
  ],
  "meta": {
    "mocha": {
      "version": "7.0.1"
    },
    "mochawesome": {
      "options": {
        "quiet": false,
        "reportFilename": "mochawesome",
        "saveHtml": false,
        "saveJson": true,
        "consoleReporter": "spec",
        "useInlineDiffs": false,
        "code": true
      },
      "version": "7.1.3"
    },
    "marge": {
      "options": {
        "reportDir": "cypress\\report\\.jsons",
        "charts": true,
        "reportPageTitle": "Joan Media Demo Report",
        "embeddedScreenshots": true,
        "overwrite": false,
        "html": false,
        "json": true
      },
      "version": "6.2.0"
    }
  }
}